 2020-12-07 09:29:58.557  INFO 16660 --- [restartedMain] c.m.taskmanager.TaskManagerApplication   : Starting TaskManagerApplication using Java 14.0.2 on DESKTOP-OHTK1QD with PID 16660 (C:\Users\user\Documents\nilver\java-samples\build\classes\java\main started by user in C:\Users\user\Documents\nilver\java-samples)
2020-12-07 09:29:58.560  INFO 16660 --- [restartedMain] c.m.taskmanager.TaskManagerApplication   : No active profile set, falling back to default profiles: default
2020-12-07 09:29:58.617  INFO 16660 --- [restartedMain] .e.DevToolsPropertyDefaultsPostProcessor : Devtools property defaults active! Set 'spring.devtools.add-properties' to 'false' to disable
2020-12-07 09:29:58.618  INFO 16660 --- [restartedMain] .e.DevToolsPropertyDefaultsPostProcessor : For additional web related logging consider setting the 'logging.level.web' property to 'DEBUG'
2020-12-07 09:29:59.296  INFO 16660 --- [restartedMain] .s.d.r.c.RepositoryConfigurationDelegate : Bootstrapping Spring Data JPA repositories in DEFERRED mode.
2020-12-07 09:29:59.345  INFO 16660 --- [restartedMain] .s.d.r.c.RepositoryConfigurationDelegate : Finished Spring Data repository scanning in 40 ms. Found 1 JPA repository interfaces.
2020-12-07 09:29:59.874  INFO 16660 --- [restartedMain] o.s.b.w.embedded.tomcat.TomcatWebServer  : Tomcat initialized with port(s): 8080 (http)
2020-12-07 09:29:59.883  INFO 16660 --- [restartedMain] o.apache.catalina.core.StandardService   : Starting service [Tomcat]
2020-12-07 09:29:59.883  INFO 16660 --- [restartedMain] org.apache.catalina.core.StandardEngine  : Starting Servlet engine: [Apache Tomcat/9.0.39]
2020-12-07 09:29:59.983  INFO 16660 --- [restartedMain] o.a.c.c.C.[Tomcat].[localhost].[/]       : Initializing Spring embedded WebApplicationContext
2020-12-07 09:29:59.983  INFO 16660 --- [restartedMain] w.s.c.ServletWebServerApplicationContext : Root WebApplicationContext: initialization completed in 1359 ms
2020-12-07 09:30:00.046  INFO 16660 --- [restartedMain] com.zaxxer.hikari.HikariDataSource       : HikariPool-1 - Starting...
2020-12-07 09:30:00.164  INFO 16660 --- [restartedMain] com.zaxxer.hikari.HikariDataSource       : HikariPool-1 - Start completed.
2020-12-07 09:30:00.170  INFO 16660 --- [restartedMain] o.s.b.a.h2.H2ConsoleAutoConfiguration    : H2 console available at '/h2-console'. Database available at 'jdbc:h2:mem:35e67076-0435-49f1-9ccf-5f296b60a796'
2020-12-07 09:30:00.278  INFO 16660 --- [restartedMain] o.s.s.concurrent.ThreadPoolTaskExecutor  : Initializing ExecutorService 'applicationTaskExecutor'
2020-12-07 09:30:00.318  INFO 16660 --- [task-1] o.hibernate.jpa.internal.util.LogHelper  : HHH000204: Processing PersistenceUnitInfo [name: default]
2020-12-07 09:30:00.353  WARN 16660 --- [restartedMain] JpaBaseConfiguration$JpaWebConfiguration : spring.jpa.open-in-view is enabled by default. Therefore, database queries may be performed during view rendering. Explicitly configure spring.jpa.open-in-view to disable this warning
2020-12-07 09:30:00.371  INFO 16660 --- [task-1] org.hibernate.Version                    : HHH000412: Hibernate ORM core version 5.4.23.Final
2020-12-07 09:30:00.511  INFO 16660 --- [task-1] o.hibernate.annotations.common.Version   : HCANN000001: Hibernate Commons Annotations {5.1.2.Final}
2020-12-07 09:30:00.693  INFO 16660 --- [task-1] org.hibernate.dialect.Dialect            : HHH000400: Using dialect: org.hibernate.dialect.H2Dialect
2020-12-07 09:30:00.753  INFO 16660 --- [restartedMain] o.s.b.d.a.OptionalLiveReloadServer       : LiveReload server is running on port 35729
2020-12-07 09:30:00.817  INFO 16660 --- [restartedMain] o.s.b.w.embedded.tomcat.TomcatWebServer  : Tomcat started on port(s): 8080 (http) with context path ''
2020-12-07 09:30:00.821  INFO 16660 --- [restartedMain] DeferredRepositoryInitializationListener : Triggering deferred initialization of Spring Data repositories…
2020-12-07 09:30:01.266  INFO 16660 --- [task-1] o.h.e.t.j.p.i.JtaPlatformInitiator       : HHH000490: Using JtaPlatform implementation: [org.hibernate.engine.transaction.jta.platform.internal.NoJtaPlatform]
2020-12-07 09:30:01.274  INFO 16660 --- [task-1] j.LocalContainerEntityManagerFactoryBean : Initialized JPA EntityManagerFactory for persistence unit 'default'
2020-12-07 09:30:01.412  INFO 16660 --- [restartedMain] DeferredRepositoryInitializationListener : Spring Data repositories initialized!
2020-12-07 09:30:01.420  INFO 16660 --- [restartedMain] c.m.taskmanager.TaskManagerApplication   : Started TaskManagerApplication in 3.299 seconds (JVM running for 4.121)
2020-12-07 10:41:07.735  INFO 9424 --- [restartedMain] c.m.taskmanager.TaskManagerApplication   : Starting TaskManagerApplication using Java 14.0.2 on DESKTOP-OHTK1QD with PID 9424 (C:\Users\user\Documents\nilver\java-samples\build\classes\java\main started by user in C:\Users\user\Documents\nilver\java-samples)
2020-12-07 10:41:07.739  INFO 9424 --- [restartedMain] c.m.taskmanager.TaskManagerApplication   : No active profile set, falling back to default profiles: default
2020-12-07 10:41:07.790  INFO 9424 --- [restartedMain] .e.DevToolsPropertyDefaultsPostProcessor : Devtools property defaults active! Set 'spring.devtools.add-properties' to 'false' to disable
2020-12-07 10:41:07.790  INFO 9424 --- [restartedMain] .e.DevToolsPropertyDefaultsPostProcessor : For additional web related logging consider setting the 'logging.level.web' property to 'DEBUG'
2020-12-07 10:41:08.523  INFO 9424 --- [restartedMain] .s.d.r.c.RepositoryConfigurationDelegate : Bootstrapping Spring Data JPA repositories in DEFERRED mode.
2020-12-07 10:41:08.586  INFO 9424 --- [restartedMain] .s.d.r.c.RepositoryConfigurationDelegate : Finished Spring Data repository scanning in 53 ms. Found 1 JPA repository interfaces.
2020-12-07 10:41:09.198  INFO 9424 --- [restartedMain] o.s.b.w.embedded.tomcat.TomcatWebServer  : Tomcat initialized with port(s): 8080 (http)
2020-12-07 10:41:09.207  INFO 9424 --- [restartedMain] o.apache.catalina.core.StandardService   : Starting service [Tomcat]
2020-12-07 10:41:09.208  INFO 9424 --- [restartedMain] org.apache.catalina.core.StandardEngine  : Starting Servlet engine: [Apache Tomcat/9.0.39]
2020-12-07 10:41:09.314  INFO 9424 --- [restartedMain] o.a.c.c.C.[Tomcat].[localhost].[/]       : Initializing Spring embedded WebApplicationContext
2020-12-07 10:41:09.315  INFO 9424 --- [restartedMain] w.s.c.ServletWebServerApplicationContext : Root WebApplicationContext: initialization completed in 1524 ms
2020-12-07 10:41:09.362  INFO 9424 --- [restartedMain] com.zaxxer.hikari.HikariDataSource       : HikariPool-1 - Starting...
2020-12-07 10:41:09.466  INFO 9424 --- [restartedMain] com.zaxxer.hikari.HikariDataSource       : HikariPool-1 - Start completed.
2020-12-07 10:41:09.472  INFO 9424 --- [restartedMain] o.s.b.a.h2.H2ConsoleAutoConfiguration    : H2 console available at '/h2-console'. Database available at 'jdbc:h2:mem:task-manager'
2020-12-07 10:41:09.581  INFO 9424 --- [restartedMain] o.s.s.concurrent.ThreadPoolTaskExecutor  : Initializing ExecutorService 'applicationTaskExecutor'
2020-12-07 10:41:09.623  INFO 9424 --- [task-1] o.hibernate.jpa.internal.util.LogHelper  : HHH000204: Processing PersistenceUnitInfo [name: default]
2020-12-07 10:41:09.670  WARN 9424 --- [restartedMain] JpaBaseConfiguration$JpaWebConfiguration : spring.jpa.open-in-view is enabled by default. Therefore, database queries may be performed during view rendering. Explicitly configure spring.jpa.open-in-view to disable this warning
2020-12-07 10:41:09.673  INFO 9424 --- [task-1] org.hibernate.Version                    : HHH000412: Hibernate ORM core version 5.4.23.Final
2020-12-07 10:41:09.813  INFO 9424 --- [task-1] o.hibernate.annotations.common.Version   : HCANN000001: Hibernate Commons Annotations {5.1.2.Final}
2020-12-07 10:41:09.958  INFO 9424 --- [task-1] org.hibernate.dialect.Dialect            : HHH000400: Using dialect: org.hibernate.dialect.H2Dialect
2020-12-07 10:41:10.030  INFO 9424 --- [restartedMain] o.s.b.d.a.OptionalLiveReloadServer       : LiveReload server is running on port 35729
2020-12-07 10:41:10.088  INFO 9424 --- [restartedMain] o.s.b.w.embedded.tomcat.TomcatWebServer  : Tomcat started on port(s): 8080 (http) with context path ''
2020-12-07 10:41:10.090  INFO 9424 --- [restartedMain] DeferredRepositoryInitializationListener : Triggering deferred initialization of Spring Data repositories…
2020-12-07 10:41:10.545  INFO 9424 --- [task-1] o.h.e.t.j.p.i.JtaPlatformInitiator       : HHH000490: Using JtaPlatform implementation: [org.hibernate.engine.transaction.jta.platform.internal.NoJtaPlatform]
2020-12-07 10:41:10.555  INFO 9424 --- [task-1] j.LocalContainerEntityManagerFactoryBean : Initialized JPA EntityManagerFactory for persistence unit 'default'
2020-12-07 10:41:10.737  INFO 9424 --- [restartedMain] DeferredRepositoryInitializationListener : Spring Data repositories initialized!
2020-12-07 10:41:10.748  INFO 9424 --- [restartedMain] c.m.taskmanager.TaskManagerApplication   : Started TaskManagerApplication in 3.407 seconds (JVM running for 4.276)
2020-12-07 10:44:47.878  INFO 8928 --- [restartedMain] c.m.taskmanager.TaskManagerApplication   : Starting TaskManagerApplication using Java 14.0.2 on DESKTOP-OHTK1QD with PID 8928 (C:\Users\user\Documents\nilver\java-samples\build\classes\java\main started by user in C:\Users\user\Documents\nilver\java-samples)
2020-12-07 10:44:47.881  INFO 8928 --- [restartedMain] c.m.taskmanager.TaskManagerApplication   : No active profile set, falling back to default profiles: default
2020-12-07 10:44:47.944  INFO 8928 --- [restartedMain] .e.DevToolsPropertyDefaultsPostProcessor : Devtools property defaults active! Set 'spring.devtools.add-properties' to 'false' to disable
2020-12-07 10:44:47.945  INFO 8928 --- [restartedMain] .e.DevToolsPropertyDefaultsPostProcessor : For additional web related logging consider setting the 'logging.level.web' property to 'DEBUG'
2020-12-07 10:44:49.026  INFO 8928 --- [restartedMain] .s.d.r.c.RepositoryConfigurationDelegate : Bootstrapping Spring Data JPA repositories in DEFERRED mode.
2020-12-07 10:44:49.105  INFO 8928 --- [restartedMain] .s.d.r.c.RepositoryConfigurationDelegate : Finished Spring Data repository scanning in 69 ms. Found 1 JPA repository interfaces.
2020-12-07 10:44:49.818  INFO 8928 --- [restartedMain] o.s.b.w.embedded.tomcat.TomcatWebServer  : Tomcat initialized with port(s): 8081 (http)
2020-12-07 10:44:49.830  INFO 8928 --- [restartedMain] o.apache.catalina.core.StandardService   : Starting service [Tomcat]
2020-12-07 10:44:49.831  INFO 8928 --- [restartedMain] org.apache.catalina.core.StandardEngine  : Starting Servlet engine: [Apache Tomcat/9.0.39]
2020-12-07 10:44:49.962  INFO 8928 --- [restartedMain] o.a.c.c.C.[Tomcat].[localhost].[/]       : Initializing Spring embedded WebApplicationContext
2020-12-07 10:44:49.963  INFO 8928 --- [restartedMain] w.s.c.ServletWebServerApplicationContext : Root WebApplicationContext: initialization completed in 2016 ms
2020-12-07 10:44:50.015  INFO 8928 --- [restartedMain] com.zaxxer.hikari.HikariDataSource       : HikariPool-1 - Starting...
2020-12-07 10:44:50.137  INFO 8928 --- [restartedMain] com.zaxxer.hikari.HikariDataSource       : HikariPool-1 - Start completed.
2020-12-07 10:44:50.144  INFO 8928 --- [restartedMain] o.s.b.a.h2.H2ConsoleAutoConfiguration    : H2 console available at '/h2-console'. Database available at 'jdbc:h2:mem:testdb'
2020-12-07 10:44:50.258  INFO 8928 --- [restartedMain] o.s.s.concurrent.ThreadPoolTaskExecutor  : Initializing ExecutorService 'applicationTaskExecutor'
2020-12-07 10:44:50.317  INFO 8928 --- [task-1] o.hibernate.jpa.internal.util.LogHelper  : HHH000204: Processing PersistenceUnitInfo [name: default]
2020-12-07 10:44:50.394  WARN 8928 --- [restartedMain] JpaBaseConfiguration$JpaWebConfiguration : spring.jpa.open-in-view is enabled by default. Therefore, database queries may be performed during view rendering. Explicitly configure spring.jpa.open-in-view to disable this warning
2020-12-07 10:44:50.418  INFO 8928 --- [task-1] org.hibernate.Version                    : HHH000412: Hibernate ORM core version 5.4.23.Final
2020-12-07 10:44:50.588  INFO 8928 --- [task-1] o.hibernate.annotations.common.Version   : HCANN000001: Hibernate Commons Annotations {5.1.2.Final}
2020-12-07 10:44:50.774  INFO 8928 --- [task-1] org.hibernate.dialect.Dialect            : HHH000400: Using dialect: org.hibernate.dialect.H2Dialect
2020-12-07 10:44:50.896  INFO 8928 --- [restartedMain] o.s.b.d.a.OptionalLiveReloadServer       : LiveReload server is running on port 35729
2020-12-07 10:44:50.954  INFO 8928 --- [restartedMain] o.s.b.w.embedded.tomcat.TomcatWebServer  : Tomcat started on port(s): 8081 (http) with context path ''
2020-12-07 10:44:50.959  INFO 8928 --- [restartedMain] DeferredRepositoryInitializationListener : Triggering deferred initialization of Spring Data repositories…
2020-12-07 10:44:51.437  INFO 8928 --- [task-1] o.h.e.t.j.p.i.JtaPlatformInitiator       : HHH000490: Using JtaPlatform implementation: [org.hibernate.engine.transaction.jta.platform.internal.NoJtaPlatform]
2020-12-07 10:44:51.446  INFO 8928 --- [task-1] j.LocalContainerEntityManagerFactoryBean : Initialized JPA EntityManagerFactory for persistence unit 'default'
2020-12-07 10:44:51.593  INFO 8928 --- [restartedMain] DeferredRepositoryInitializationListener : Spring Data repositories initialized!
2020-12-07 10:44:51.604  INFO 8928 --- [restartedMain] c.m.taskmanager.TaskManagerApplication   : Started TaskManagerApplication in 4.178 seconds (JVM running for 5.056)
2020-12-07 10:48:56.193  INFO 14840 --- [restartedMain] c.m.taskmanager.TaskManagerApplication   : Starting TaskManagerApplication using Java 14.0.2 on DESKTOP-OHTK1QD with PID 14840 (C:\Users\user\Documents\nilver\java-samples\build\classes\java\main started by user in C:\Users\user\Documents\nilver\java-samples)
2020-12-07 10:48:56.197  INFO 14840 --- [restartedMain] c.m.taskmanager.TaskManagerApplication   : No active profile set, falling back to default profiles: default
2020-12-07 10:48:56.255  INFO 14840 --- [restartedMain] .e.DevToolsPropertyDefaultsPostProcessor : Devtools property defaults active! Set 'spring.devtools.add-properties' to 'false' to disable
2020-12-07 10:48:56.256  INFO 14840 --- [restartedMain] .e.DevToolsPropertyDefaultsPostProcessor : For additional web related logging consider setting the 'logging.level.web' property to 'DEBUG'
2020-12-07 10:48:57.064  INFO 14840 --- [restartedMain] .s.d.r.c.RepositoryConfigurationDelegate : Bootstrapping Spring Data JPA repositories in DEFERRED mode.
2020-12-07 10:48:57.120  INFO 14840 --- [restartedMain] .s.d.r.c.RepositoryConfigurationDelegate : Finished Spring Data repository scanning in 48 ms. Found 1 JPA repository interfaces.
2020-12-07 10:48:57.735  INFO 14840 --- [restartedMain] o.s.b.w.embedded.tomcat.TomcatWebServer  : Tomcat initialized with port(s): 8081 (http)
2020-12-07 10:48:57.745  INFO 14840 --- [restartedMain] o.apache.catalina.core.StandardService   : Starting service [Tomcat]
2020-12-07 10:48:57.746  INFO 14840 --- [restartedMain] org.apache.catalina.core.StandardEngine  : Starting Servlet engine: [Apache Tomcat/9.0.39]
2020-12-07 10:48:57.857  INFO 14840 --- [restartedMain] o.a.c.c.C.[Tomcat].[localhost].[/]       : Initializing Spring embedded WebApplicationContext
2020-12-07 10:48:57.857  INFO 14840 --- [restartedMain] w.s.c.ServletWebServerApplicationContext : Root WebApplicationContext: initialization completed in 1600 ms
2020-12-07 10:48:58.036  INFO 14840 --- [restartedMain] o.s.s.concurrent.ThreadPoolTaskExecutor  : Initializing ExecutorService 'applicationTaskExecutor'
2020-12-07 10:48:58.045  INFO 14840 --- [restartedMain] com.zaxxer.hikari.HikariDataSource       : HikariPool-1 - Starting...
2020-12-07 10:48:58.156  INFO 14840 --- [restartedMain] com.zaxxer.hikari.HikariDataSource       : HikariPool-1 - Start completed.
2020-12-07 10:48:58.202  INFO 14840 --- [task-1] o.hibernate.jpa.internal.util.LogHelper  : HHH000204: Processing PersistenceUnitInfo [name: default]
2020-12-07 10:48:58.254  INFO 14840 --- [task-1] org.hibernate.Version                    : HHH000412: Hibernate ORM core version 5.4.23.Final
2020-12-07 10:48:58.255  WARN 14840 --- [restartedMain] JpaBaseConfiguration$JpaWebConfiguration : spring.jpa.open-in-view is enabled by default. Therefore, database queries may be performed during view rendering. Explicitly configure spring.jpa.open-in-view to disable this warning
2020-12-07 10:48:58.396  INFO 14840 --- [task-1] o.hibernate.annotations.common.Version   : HCANN000001: Hibernate Commons Annotations {5.1.2.Final}
2020-12-07 10:48:58.529  INFO 14840 --- [task-1] org.hibernate.dialect.Dialect            : HHH000400: Using dialect: org.hibernate.dialect.H2Dialect
2020-12-07 10:48:58.630  INFO 14840 --- [restartedMain] o.s.b.d.a.OptionalLiveReloadServer       : LiveReload server is running on port 35729
2020-12-07 10:48:58.679  INFO 14840 --- [restartedMain] o.s.b.w.embedded.tomcat.TomcatWebServer  : Tomcat started on port(s): 8081 (http) with context path ''
2020-12-07 10:48:58.683  INFO 14840 --- [restartedMain] DeferredRepositoryInitializationListener : Triggering deferred initialization of Spring Data repositories…
2020-12-07 10:48:59.087  INFO 14840 --- [task-1] o.h.e.t.j.p.i.JtaPlatformInitiator       : HHH000490: Using JtaPlatform implementation: [org.hibernate.engine.transaction.jta.platform.internal.NoJtaPlatform]
2020-12-07 10:48:59.095  INFO 14840 --- [task-1] j.LocalContainerEntityManagerFactoryBean : Initialized JPA EntityManagerFactory for persistence unit 'default'
2020-12-07 10:48:59.281  INFO 14840 --- [restartedMain] DeferredRepositoryInitializationListener : Spring Data repositories initialized!
2020-12-07 10:48:59.298  INFO 14840 --- [restartedMain] c.m.taskmanager.TaskManagerApplication   : Started TaskManagerApplication in 3.526 seconds (JVM running for 4.459)
2020-12-07 10:49:56.445  INFO 14840 --- [http-nio-8081-exec-1] o.a.c.c.C.[Tomcat].[localhost].[/]       : Initializing Spring DispatcherServlet 'dispatcherServlet'
2020-12-07 10:49:56.445  INFO 14840 --- [http-nio-8081-exec-1] o.s.web.servlet.DispatcherServlet        : Initializing Servlet 'dispatcherServlet'
2020-12-07 10:49:56.447  INFO 14840 --- [http-nio-8081-exec-1] o.s.web.servlet.DispatcherServlet        : Completed initialization in 1 ms
2020-12-07 10:50:30.677  INFO 15944 --- [restartedMain] c.m.taskmanager.TaskManagerApplication   : Starting TaskManagerApplication using Java 14.0.2 on DESKTOP-OHTK1QD with PID 15944 (C:\Users\user\Documents\nilver\java-samples\build\classes\java\main started by user in C:\Users\user\Documents\nilver\java-samples)
2020-12-07 10:50:30.681  INFO 15944 --- [restartedMain] c.m.taskmanager.TaskManagerApplication   : No active profile set, falling back to default profiles: default
2020-12-07 10:50:30.745  INFO 15944 --- [restartedMain] .e.DevToolsPropertyDefaultsPostProcessor : Devtools property defaults active! Set 'spring.devtools.add-properties' to 'false' to disable
2020-12-07 10:50:30.746  INFO 15944 --- [restartedMain] .e.DevToolsPropertyDefaultsPostProcessor : For additional web related logging consider setting the 'logging.level.web' property to 'DEBUG'
2020-12-07 10:50:31.604  INFO 15944 --- [restartedMain] .s.d.r.c.RepositoryConfigurationDelegate : Bootstrapping Spring Data JPA repositories in DEFERRED mode.
2020-12-07 10:50:31.671  INFO 15944 --- [restartedMain] .s.d.r.c.RepositoryConfigurationDelegate : Finished Spring Data repository scanning in 56 ms. Found 1 JPA repository interfaces.
2020-12-07 10:50:32.292  INFO 15944 --- [restartedMain] o.s.b.w.embedded.tomcat.TomcatWebServer  : Tomcat initialized with port(s): 8080 (http)
2020-12-07 10:50:32.301  INFO 15944 --- [restartedMain] o.apache.catalina.core.StandardService   : Starting service [Tomcat]
2020-12-07 10:50:32.302  INFO 15944 --- [restartedMain] org.apache.catalina.core.StandardEngine  : Starting Servlet engine: [Apache Tomcat/9.0.39]
2020-12-07 10:50:32.426  INFO 15944 --- [restartedMain] o.a.c.c.C.[Tomcat].[localhost].[/]       : Initializing Spring embedded WebApplicationContext
2020-12-07 10:50:32.426  INFO 15944 --- [restartedMain] w.s.c.ServletWebServerApplicationContext : Root WebApplicationContext: initialization completed in 1679 ms
2020-12-07 10:50:32.582  INFO 15944 --- [restartedMain] o.s.s.concurrent.ThreadPoolTaskExecutor  : Initializing ExecutorService 'applicationTaskExecutor'
2020-12-07 10:50:32.591  INFO 15944 --- [restartedMain] com.zaxxer.hikari.HikariDataSource       : HikariPool-1 - Starting...
2020-12-07 10:50:32.688  INFO 15944 --- [restartedMain] com.zaxxer.hikari.HikariDataSource       : HikariPool-1 - Start completed.
2020-12-07 10:50:32.731  INFO 15944 --- [task-1] o.hibernate.jpa.internal.util.LogHelper  : HHH000204: Processing PersistenceUnitInfo [name: default]
2020-12-07 10:50:32.772  WARN 15944 --- [restartedMain] JpaBaseConfiguration$JpaWebConfiguration : spring.jpa.open-in-view is enabled by default. Therefore, database queries may be performed during view rendering. Explicitly configure spring.jpa.open-in-view to disable this warning
2020-12-07 10:50:32.777  INFO 15944 --- [task-1] org.hibernate.Version                    : HHH000412: Hibernate ORM core version 5.4.23.Final
2020-12-07 10:50:32.909  INFO 15944 --- [task-1] o.hibernate.annotations.common.Version   : HCANN000001: Hibernate Commons Annotations {5.1.2.Final}
2020-12-07 10:50:33.042  INFO 15944 --- [task-1] org.hibernate.dialect.Dialect            : HHH000400: Using dialect: org.hibernate.dialect.H2Dialect
2020-12-07 10:50:33.102  INFO 15944 --- [restartedMain] o.s.b.d.a.OptionalLiveReloadServer       : LiveReload server is running on port 35729
2020-12-07 10:50:33.159  INFO 15944 --- [restartedMain] o.s.b.w.embedded.tomcat.TomcatWebServer  : Tomcat started on port(s): 8080 (http) with context path ''
2020-12-07 10:50:33.162  INFO 15944 --- [restartedMain] DeferredRepositoryInitializationListener : Triggering deferred initialization of Spring Data repositories…
2020-12-07 10:50:33.558  INFO 15944 --- [task-1] o.h.e.t.j.p.i.JtaPlatformInitiator       : HHH000490: Using JtaPlatform implementation: [org.hibernate.engine.transaction.jta.platform.internal.NoJtaPlatform]
2020-12-07 10:50:33.565  INFO 15944 --- [task-1] j.LocalContainerEntityManagerFactoryBean : Initialized JPA EntityManagerFactory for persistence unit 'default'
2020-12-07 10:50:33.696  INFO 15944 --- [restartedMain] DeferredRepositoryInitializationListener : Spring Data repositories initialized!
2020-12-07 10:50:33.705  INFO 15944 --- [restartedMain] c.m.taskmanager.TaskManagerApplication   : Started TaskManagerApplication in 3.477 seconds (JVM running for 4.319)
2020-12-07 10:50:53.737  INFO 15944 --- [http-nio-8080-exec-1] o.a.c.c.C.[Tomcat].[localhost].[/]       : Initializing Spring DispatcherServlet 'dispatcherServlet'
2020-12-07 10:50:53.737  INFO 15944 --- [http-nio-8080-exec-1] o.s.web.servlet.DispatcherServlet        : Initializing Servlet 'dispatcherServlet'
2020-12-07 10:50:53.738  INFO 15944 --- [http-nio-8080-exec-1] o.s.web.servlet.DispatcherServlet        : Completed initialization in 1 ms
2020-12-07 10:51:11.831  INFO 10444 --- [restartedMain] c.m.taskmanager.TaskManagerApplication   : Starting TaskManagerApplication using Java 14.0.2 on DESKTOP-OHTK1QD with PID 10444 (C:\Users\user\Documents\nilver\java-samples\build\classes\java\main started by user in C:\Users\user\Documents\nilver\java-samples)
2020-12-07 10:51:11.834  INFO 10444 --- [restartedMain] c.m.taskmanager.TaskManagerApplication   : No active profile set, falling back to default profiles: default
2020-12-07 10:51:11.882  INFO 10444 --- [restartedMain] .e.DevToolsPropertyDefaultsPostProcessor : Devtools property defaults active! Set 'spring.devtools.add-properties' to 'false' to disable
2020-12-07 10:51:11.883  INFO 10444 --- [restartedMain] .e.DevToolsPropertyDefaultsPostProcessor : For additional web related logging consider setting the 'logging.level.web' property to 'DEBUG'
2020-12-07 10:51:12.536  INFO 10444 --- [restartedMain] .s.d.r.c.RepositoryConfigurationDelegate : Bootstrapping Spring Data JPA repositories in DEFERRED mode.
2020-12-07 10:51:12.583  INFO 10444 --- [restartedMain] .s.d.r.c.RepositoryConfigurationDelegate : Finished Spring Data repository scanning in 39 ms. Found 1 JPA repository interfaces.
2020-12-07 10:51:13.097  INFO 10444 --- [restartedMain] o.s.b.w.embedded.tomcat.TomcatWebServer  : Tomcat initialized with port(s): 8080 (http)
2020-12-07 10:51:13.106  INFO 10444 --- [restartedMain] o.apache.catalina.core.StandardService   : Starting service [Tomcat]
2020-12-07 10:51:13.106  INFO 10444 --- [restartedMain] org.apache.catalina.core.StandardEngine  : Starting Servlet engine: [Apache Tomcat/9.0.39]
2020-12-07 10:51:13.201  INFO 10444 --- [restartedMain] o.a.c.c.C.[Tomcat].[localhost].[/]       : Initializing Spring embedded WebApplicationContext
2020-12-07 10:51:13.201  INFO 10444 --- [restartedMain] w.s.c.ServletWebServerApplicationContext : Root WebApplicationContext: initialization completed in 1317 ms
2020-12-07 10:51:13.249  INFO 10444 --- [restartedMain] com.zaxxer.hikari.HikariDataSource       : HikariPool-1 - Starting...
2020-12-07 10:51:13.343  INFO 10444 --- [restartedMain] com.zaxxer.hikari.HikariDataSource       : HikariPool-1 - Start completed.
2020-12-07 10:51:13.348  INFO 10444 --- [restartedMain] o.s.b.a.h2.H2ConsoleAutoConfiguration    : H2 console available at '/h2-console'. Database available at 'jdbc:h2:mem:testdb'
2020-12-07 10:51:13.451  INFO 10444 --- [restartedMain] o.s.s.concurrent.ThreadPoolTaskExecutor  : Initializing ExecutorService 'applicationTaskExecutor'
2020-12-07 10:51:13.493  INFO 10444 --- [task-1] o.hibernate.jpa.internal.util.LogHelper  : HHH000204: Processing PersistenceUnitInfo [name: default]
2020-12-07 10:51:13.537  WARN 10444 --- [restartedMain] JpaBaseConfiguration$JpaWebConfiguration : spring.jpa.open-in-view is enabled by default. Therefore, database queries may be performed during view rendering. Explicitly configure spring.jpa.open-in-view to disable this warning
2020-12-07 10:51:13.541  INFO 10444 --- [task-1] org.hibernate.Version                    : HHH000412: Hibernate ORM core version 5.4.23.Final
2020-12-07 10:51:13.666  INFO 10444 --- [task-1] o.hibernate.annotations.common.Version   : HCANN000001: Hibernate Commons Annotations {5.1.2.Final}
2020-12-07 10:51:13.795  INFO 10444 --- [task-1] org.hibernate.dialect.Dialect            : HHH000400: Using dialect: org.hibernate.dialect.H2Dialect
2020-12-07 10:51:13.855  INFO 10444 --- [restartedMain] o.s.b.d.a.OptionalLiveReloadServer       : LiveReload server is running on port 35729
2020-12-07 10:51:13.909  INFO 10444 --- [restartedMain] o.s.b.w.embedded.tomcat.TomcatWebServer  : Tomcat started on port(s): 8080 (http) with context path ''
2020-12-07 10:51:13.912  INFO 10444 --- [restartedMain] DeferredRepositoryInitializationListener : Triggering deferred initialization of Spring Data repositories…
2020-12-07 10:51:14.316  INFO 10444 --- [task-1] o.h.e.t.j.p.i.JtaPlatformInitiator       : HHH000490: Using JtaPlatform implementation: [org.hibernate.engine.transaction.jta.platform.internal.NoJtaPlatform]
2020-12-07 10:51:14.324  INFO 10444 --- [task-1] j.LocalContainerEntityManagerFactoryBean : Initialized JPA EntityManagerFactory for persistence unit 'default'
2020-12-07 10:51:14.449  INFO 10444 --- [restartedMain] DeferredRepositoryInitializationListener : Spring Data repositories initialized!
2020-12-07 10:51:14.460  INFO 10444 --- [restartedMain] c.m.taskmanager.TaskManagerApplication   : Started TaskManagerApplication in 3.032 seconds (JVM running for 3.86)
2020-12-07 11:06:25.569  INFO 23956 --- [restartedMain] c.m.taskmanager.TaskManagerApplication   : Starting TaskManagerApplication using Java 14.0.2 on DESKTOP-OHTK1QD with PID 23956 (C:\Users\user\Documents\nilver\java-samples\build\classes\java\main started by user in C:\Users\user\Documents\nilver\java-samples)
2020-12-07 11:06:25.572  INFO 23956 --- [restartedMain] c.m.taskmanager.TaskManagerApplication   : No active profile set, falling back to default profiles: default
2020-12-07 11:06:25.634  INFO 23956 --- [restartedMain] .e.DevToolsPropertyDefaultsPostProcessor : Devtools property defaults active! Set 'spring.devtools.add-properties' to 'false' to disable
2020-12-07 11:06:25.635  INFO 23956 --- [restartedMain] .e.DevToolsPropertyDefaultsPostProcessor : For additional web related logging consider setting the 'logging.level.web' property to 'DEBUG'
2020-12-07 11:06:26.447  INFO 23956 --- [restartedMain] .s.d.r.c.RepositoryConfigurationDelegate : Bootstrapping Spring Data JPA repositories in DEFERRED mode.
2020-12-07 11:06:26.504  INFO 23956 --- [restartedMain] .s.d.r.c.RepositoryConfigurationDelegate : Finished Spring Data repository scanning in 47 ms. Found 1 JPA repository interfaces.
2020-12-07 11:06:27.146  INFO 23956 --- [restartedMain] o.s.b.w.embedded.tomcat.TomcatWebServer  : Tomcat initialized with port(s): 8080 (http)
2020-12-07 11:06:27.156  INFO 23956 --- [restartedMain] o.apache.catalina.core.StandardService   : Starting service [Tomcat]
2020-12-07 11:06:27.157  INFO 23956 --- [restartedMain] org.apache.catalina.core.StandardEngine  : Starting Servlet engine: [Apache Tomcat/9.0.39]
2020-12-07 11:06:27.268  INFO 23956 --- [restartedMain] o.a.c.c.C.[Tomcat].[localhost].[/]       : Initializing Spring embedded WebApplicationContext
2020-12-07 11:06:27.269  INFO 23956 --- [restartedMain] w.s.c.ServletWebServerApplicationContext : Root WebApplicationContext: initialization completed in 1633 ms
2020-12-07 11:06:27.320  INFO 23956 --- [restartedMain] com.zaxxer.hikari.HikariDataSource       : HikariPool-1 - Starting...
2020-12-07 11:06:27.428  INFO 23956 --- [restartedMain] com.zaxxer.hikari.HikariDataSource       : HikariPool-1 - Start completed.
2020-12-07 11:06:27.438  INFO 23956 --- [restartedMain] o.s.b.a.h2.H2ConsoleAutoConfiguration    : H2 console available at '/h2-console'. Database available at 'jdbc:h2:mem:testdb'
2020-12-07 11:06:27.578  INFO 23956 --- [restartedMain] o.s.s.concurrent.ThreadPoolTaskExecutor  : Initializing ExecutorService 'applicationTaskExecutor'
2020-12-07 11:06:27.628  INFO 23956 --- [task-1] o.hibernate.jpa.internal.util.LogHelper  : HHH000204: Processing PersistenceUnitInfo [name: default]
2020-12-07 11:06:27.678  WARN 23956 --- [restartedMain] JpaBaseConfiguration$JpaWebConfiguration : spring.jpa.open-in-view is enabled by default. Therefore, database queries may be performed during view rendering. Explicitly configure spring.jpa.open-in-view to disable this warning
2020-12-07 11:06:27.689  INFO 23956 --- [task-1] org.hibernate.Version                    : HHH000412: Hibernate ORM core version 5.4.23.Final
2020-12-07 11:06:27.844  INFO 23956 --- [task-1] o.hibernate.annotations.common.Version   : HCANN000001: Hibernate Commons Annotations {5.1.2.Final}
2020-12-07 11:06:28.001  INFO 23956 --- [task-1] org.hibernate.dialect.Dialect            : HHH000400: Using dialect: org.hibernate.dialect.H2Dialect
2020-12-07 11:06:28.086  INFO 23956 --- [restartedMain] o.s.b.d.a.OptionalLiveReloadServer       : LiveReload server is running on port 35729
2020-12-07 11:06:28.142  INFO 23956 --- [restartedMain] o.s.b.w.embedded.tomcat.TomcatWebServer  : Tomcat started on port(s): 8080 (http) with context path ''
2020-12-07 11:06:28.145  INFO 23956 --- [restartedMain] DeferredRepositoryInitializationListener : Triggering deferred initialization of Spring Data repositories…
2020-12-07 11:06:28.561  INFO 23956 --- [task-1] o.h.e.t.j.p.i.JtaPlatformInitiator       : HHH000490: Using JtaPlatform implementation: [org.hibernate.engine.transaction.jta.platform.internal.NoJtaPlatform]
2020-12-07 11:06:28.570  INFO 23956 --- [task-1] j.LocalContainerEntityManagerFactoryBean : Initialized JPA EntityManagerFactory for persistence unit 'default'
2020-12-07 11:06:28.713  INFO 23956 --- [restartedMain] DeferredRepositoryInitializationListener : Spring Data repositories initialized!
2020-12-07 11:06:28.722  INFO 23956 --- [restartedMain] c.m.taskmanager.TaskManagerApplication   : Started TaskManagerApplication in 3.591 seconds (JVM running for 4.46)
2020-12-07 11:07:11.196  INFO 23956 --- [http-nio-8080-exec-2] o.a.c.c.C.[Tomcat].[localhost].[/]       : Initializing Spring DispatcherServlet 'dispatcherServlet'
2020-12-07 11:07:11.197  INFO 23956 --- [http-nio-8080-exec-2] o.s.web.servlet.DispatcherServlet        : Initializing Servlet 'dispatcherServlet'
2020-12-07 11:07:11.198  INFO 23956 --- [http-nio-8080-exec-2] o.s.web.servlet.DispatcherServlet        : Completed initialization in 1 ms
